<component name="libraryTable">
  <library name="junit">
    <CLASSES>
      <root url="jar://$PROJECT_DIR$/junit/hamcrest-core-1.3.jar!/" />
      <root url="jar://$PROJECT_DIR$/junit/junit-4.13.jar!/" />
    </CLASSES>
    <JAVADOC />
    <SOURCES />
  </library>
</component>